Flutter crash report; please file at https://github.com/flutter/flutter/issues.

## command

flutter packages get

## exception

_TypeError: type 'YamlMap' is not a subtype of type 'Iterable<dynamic>'

```
#0      _validateFonts (package:flutter_tools/src/flutter_manifest.dart:409:47)
#1      _validateFlutter (package:flutter_tools/src/flutter_manifest.dart:354:9)
#2      _validate (package:flutter_tools/src/flutter_manifest.dart:312:9)
<asynchronous suspension>
#3      FlutterManifest._createFromYaml (package:flutter_tools/src/flutter_manifest.dart:45:40)
<asynchronous suspension>
#4      FlutterManifest.createFromString (package:flutter_tools/src/flutter_manifest.dart:40:12)
<asynchronous suspension>
#5      FlutterManifest.createFromPath (package:flutter_tools/src/flutter_manifest.dart:34:12)
<asynchronous suspension>
#6      FlutterProject._readManifest (package:flutter_tools/src/project.dart:153:60)
<asynchronous suspension>
#7      FlutterProject.fromDirectory (package:flutter_tools/src/project.dart:44:44)
<asynchronous suspension>
#8      FlutterProject.fromPath (package:flutter_tools/src/project.dart:59:58)
#9      PackagesGetCommand.runCommand (package:flutter_tools/src/commands/packages.dart:96:61)
<asynchronous suspension>
#10     FlutterCommand.verifyThenRunCommand (package:flutter_tools/src/runner/flutter_command.dart:559:18)
#11     _asyncThenWrapperHelper.<anonymous closure> (dart:async-patch/async_patch.dart:77:64)
#12     _rootRunUnary (dart:async/zone.dart:1132:38)
#13     _CustomZone.runUnary (dart:async/zone.dart:1029:19)
#14     _FutureListener.handleValue (dart:async/future_impl.dart:126:18)
#15     Future._propagateToListeners.handleValueCallback (dart:async/future_impl.dart:639:45)
#16     Future._propagateToListeners (dart:async/future_impl.dart:668:32)
#17     Future._complete (dart:async/future_impl.dart:473:7)
#18     _SyncCompleter.complete (dart:async/future_impl.dart:51:12)
#19     _AsyncAwaitCompleter.complete.<anonymous closure> (dart:async-patch/async_patch.dart:33:20)
#20     _rootRun (dart:async/zone.dart:1124:13)
#21     _CustomZone.run (dart:async/zone.dart:1021:19)
#22     _CustomZone.bindCallback.<anonymous closure> (dart:async/zone.dart:947:23)
#23     _microtaskLoop (dart:async/schedule_microtask.dart:41:21)
#24     _startMicrotaskLoop (dart:async/schedule_microtask.dart:50:5)
#25     _runPendingImmediateCallback (dart:isolate-patch/isolate_patch.dart:115:13)
#26     _RawReceivePortImpl._handleMessage (dart:isolate-patch/isolate_patch.dart:172:5)
```

## flutter doctor

```
[✓] Flutter (Channel stable, v1.5.4-hotfix.2, on Mac OS X 10.13.6 17G65, locale en-GH)
    • Flutter version 1.5.4-hotfix.2 at /Users/beks/Me/Prog/flutter/flutter
    • Framework revision 7a4c33425d (8 weeks ago), 2019-04-29 11:05:24 -0700
    • Engine revision 52c7a1e849
    • Dart version 2.3.0 (build 2.3.0-dev.0.5 a1668566e5)

[✓] Android toolchain - develop for Android devices (Android SDK version 28.0.3)
    • Android SDK at /Users/beks/Library/Android/sdk
    • Android NDK location not configured (optional; useful for native profiling support)
    • Platform android-28, build-tools 28.0.3
    • Java binary at: /Applications/Android Studio.app/Contents/jre/jdk/Contents/Home/bin/java
    • Java version OpenJDK Runtime Environment (build 1.8.0_152-release-1136-b06)
    • All Android licenses accepted.

[!] iOS toolchain - develop for iOS devices (Xcode 10.0)
    • Xcode at /Applications/Xcode.app/Contents/Developer
    • Xcode 10.0, Build version 10A255
    • ios-deploy 1.9.4
    ✗ CocoaPods not installed.
        CocoaPods is used to retrieve the iOS platform side's plugin code that responds to your plugin usage on the Dart side.
        Without resolving iOS dependencies with CocoaPods, plugins will not work on iOS.
        For more info, see https://flutter.dev/platform-plugins
      To install:
        brew install cocoapods
        pod setup

[✓] Android Studio (version 3.2)
    • Android Studio at /Applications/Android Studio.app/Contents
    • Flutter plugin version 31.3.1
    • Dart plugin version 181.5656
    • Java version OpenJDK Runtime Environment (build 1.8.0_152-release-1136-b06)

[✓] Connected device (1 available)
    • TRT TL10 • 4NT7N18115001930 • android-arm • Android 7.0 (API 24)

! Doctor found issues in 1 category.
```
